<?xml version="1.0" encoding="UTF-8"?>
<!-- Generated by org.testng.reporters.JUnitReportReporter -->
<testsuite hostname="admin-PC" name="Matrimony.matrimonyart.ImageCropCheck" tests="1" failures="0" timestamp="28 May 2020 07:10:03 GMT" time="229.391" errors="0">
  <testcase name="setup6" time="229.391" classname="Matrimony.matrimonyart.ImageCropCheck"/>
</testsuite> <!-- Matrimony.matrimonyart.ImageCropCheck -->
