<?xml version="1.0" encoding="UTF-8"?>
<!-- Generated by org.testng.reporters.JUnitReportReporter -->
<testsuite hostname="admin-PC" name="Matrimony.matrimonyart.RequestFor" tests="1" failures="0" timestamp="8 May 2020 12:10:45 GMT" time="2802.205" errors="0">
  <testcase name="setup6" time="2802.205" classname="Matrimony.matrimonyart.RequestFor"/>
</testsuite> <!-- Matrimony.matrimonyart.RequestFor -->
