<?xml version="1.0" encoding="UTF-8"?>
<!-- Generated by org.testng.reporters.JUnitReportReporter -->
<testsuite hostname="admin-PC" name="Matrimony.matrimonyart.PaymentGatewayAmoutCheck" tests="1" failures="0" timestamp="6 Jun 2020 11:10:43 GMT" time="111.627" errors="0">
  <testcase name="setup6" time="111.627" classname="Matrimony.matrimonyart.PaymentGatewayAmoutCheck"/>
</testsuite> <!-- Matrimony.matrimonyart.PaymentGatewayAmoutCheck -->
