<?xml version="1.0" encoding="UTF-8"?>
<!-- Generated by org.testng.reporters.JUnitReportReporter -->
<testsuite hostname="admin-PC" name="Matrimony.matrimonyart.PaymentGateway" tests="1" failures="0" timestamp="1 Jun 2020 13:21:44 GMT" time="59.379" errors="0">
  <testcase name="setup6" time="59.379" classname="Matrimony.matrimonyart.PaymentGateway"/>
</testsuite> <!-- Matrimony.matrimonyart.PaymentGateway -->
