<?xml version="1.0" encoding="UTF-8"?>
<!-- Generated by org.testng.reporters.JUnitReportReporter -->
<testsuite hostname="admin-PC" name="Matrimony.matrimonyart.CompareProfileImages2" tests="1" failures="0" timestamp="12 May 2020 10:00:09 GMT" time="233.791" errors="0">
  <testcase name="setup6" time="233.791" classname="Matrimony.matrimonyart.CompareProfileImages2"/>
</testsuite> <!-- Matrimony.matrimonyart.CompareProfileImages2 -->
