<?xml version="1.0" encoding="UTF-8"?>
<!-- Generated by org.testng.reporters.JUnitReportReporter -->
<testsuite hostname="admin-PC" name="Matrimony.matrimonyart.CompareProfileImages" tests="1" failures="0" timestamp="20 May 2020 09:18:39 GMT" time="1264.619" errors="0">
  <testcase name="setup6" time="1264.619" classname="Matrimony.matrimonyart.CompareProfileImages"/>
</testsuite> <!-- Matrimony.matrimonyart.CompareProfileImages -->
