<?xml version="1.0" encoding="UTF-8"?>
<!-- Generated by org.testng.reporters.JUnitReportReporter -->
<testsuite hostname="admin-PC" name="Matrimony.matrimonyart.PaymentGateway" tests="1" failures="0" timestamp="6 Jun 2020 10:31:30 GMT" time="102.302" errors="0">
  <testcase name="setup6" time="102.302" classname="Matrimony.matrimonyart.PaymentGateway"/>
</testsuite> <!-- Matrimony.matrimonyart.PaymentGateway -->
