<?xml version="1.0" encoding="UTF-8"?>
<!-- Generated by org.testng.reporters.JUnitReportReporter -->
<testsuite hostname="admin-PC" name="Matrimony.matrimonyart.Search_Regularsearch" tests="1" failures="0" timestamp="28 Apr 2020 14:23:31 GMT" time="138.969" errors="0">
  <testcase name="setup6" time="138.969" classname="Matrimony.matrimonyart.Search_Regularsearch"/>
</testsuite> <!-- Matrimony.matrimonyart.Search_Regularsearch -->
